[debug] [2025-07-17T17:07:11.464Z] ----------------------------------------------------------------------
[debug] [2025-07-17T17:07:11.465Z] Command:       /Users/nathanlufuluabo/.nvm/versions/node/v22.15.0/bin/node /Users/nathanlufuluabo/.nvm/versions/node/v22.15.0/bin/firebase deploy --only functions
[debug] [2025-07-17T17:07:11.465Z] CLI Version:   14.11.0
[debug] [2025-07-17T17:07:11.465Z] Platform:      darwin
[debug] [2025-07-17T17:07:11.465Z] Node Version:  v22.15.0
[debug] [2025-07-17T17:07:11.465Z] Time:          Thu Jul 17 2025 13:07:11 GMT-0400 (Eastern Daylight Saving Time)
[debug] [2025-07-17T17:07:11.465Z] ----------------------------------------------------------------------
[debug] 
[debug] [2025-07-17T17:07:11.528Z] Field "/functions" in "firebase.json" is possibly invalid: must be object
[debug] [2025-07-17T17:07:11.528Z] Object "/functions/0" in "firebase.json" has unknown property: {"additionalProperty":"region"}
[debug] [2025-07-17T17:07:11.528Z] Field "/functions" in "firebase.json" is possibly invalid: must match a schema in anyOf
[debug] [2025-07-17T17:07:11.530Z] > command requires scopes: ["email","openid","https://www.googleapis.com/auth/cloudplatformprojects.readonly","https://www.googleapis.com/auth/firebase","https://www.googleapis.com/auth/cloud-platform"]
[debug] [2025-07-17T17:07:11.530Z] > authorizing via signed-in user (natelufuluabo@gmail.com)
[debug] [2025-07-17T17:07:11.530Z] [iam] checking project seat-ease-24534 for permissions ["cloudfunctions.functions.create","cloudfunctions.functions.delete","cloudfunctions.functions.get","cloudfunctions.functions.list","cloudfunctions.functions.update","cloudfunctions.operations.get","firebase.projects.get"]
[debug] [2025-07-17T17:07:11.530Z] Checked if tokens are valid: true, expires at: 1752774184645
[debug] [2025-07-17T17:07:11.530Z] Checked if tokens are valid: true, expires at: 1752774184645
[debug] [2025-07-17T17:07:11.530Z] >>> [apiv2][query] POST https://cloudresourcemanager.googleapis.com/v1/projects/seat-ease-24534:testIamPermissions [none]
[debug] [2025-07-17T17:07:11.530Z] >>> [apiv2][(partial)header] POST https://cloudresourcemanager.googleapis.com/v1/projects/seat-ease-24534:testIamPermissions x-goog-quota-user=projects/seat-ease-24534
[debug] [2025-07-17T17:07:11.530Z] >>> [apiv2][body] POST https://cloudresourcemanager.googleapis.com/v1/projects/seat-ease-24534:testIamPermissions {"permissions":["cloudfunctions.functions.create","cloudfunctions.functions.delete","cloudfunctions.functions.get","cloudfunctions.functions.list","cloudfunctions.functions.update","cloudfunctions.operations.get","firebase.projects.get"]}
[debug] [2025-07-17T17:07:11.835Z] <<< [apiv2][status] POST https://cloudresourcemanager.googleapis.com/v1/projects/seat-ease-24534:testIamPermissions 200
[debug] [2025-07-17T17:07:11.835Z] <<< [apiv2][body] POST https://cloudresourcemanager.googleapis.com/v1/projects/seat-ease-24534:testIamPermissions {"permissions":["cloudfunctions.functions.create","cloudfunctions.functions.delete","cloudfunctions.functions.get","cloudfunctions.functions.list","cloudfunctions.functions.update","cloudfunctions.operations.get","firebase.projects.get"]}
[debug] [2025-07-17T17:07:11.835Z] Checked if tokens are valid: true, expires at: 1752774184645
[debug] [2025-07-17T17:07:11.835Z] Checked if tokens are valid: true, expires at: 1752774184645
[debug] [2025-07-17T17:07:11.835Z] >>> [apiv2][query] POST https://iam.googleapis.com/v1/projects/seat-ease-24534/serviceAccounts/seat-ease-24534@appspot.gserviceaccount.com:testIamPermissions [none]
[debug] [2025-07-17T17:07:11.835Z] >>> [apiv2][body] POST https://iam.googleapis.com/v1/projects/seat-ease-24534/serviceAccounts/seat-ease-24534@appspot.gserviceaccount.com:testIamPermissions {"permissions":["iam.serviceAccounts.actAs"]}
[debug] [2025-07-17T17:07:12.110Z] <<< [apiv2][status] POST https://iam.googleapis.com/v1/projects/seat-ease-24534/serviceAccounts/seat-ease-24534@appspot.gserviceaccount.com:testIamPermissions 200
[debug] [2025-07-17T17:07:12.110Z] <<< [apiv2][body] POST https://iam.googleapis.com/v1/projects/seat-ease-24534/serviceAccounts/seat-ease-24534@appspot.gserviceaccount.com:testIamPermissions {"permissions":["iam.serviceAccounts.actAs"]}
[info] 
[info] === Deploying to 'seat-ease-24534'...
[info] 
[info] i  deploying functions 
[info] Running command: npm --prefix "$RESOURCE_DIR" run lint
[info] ✔  functions: Finished running predeploy script. 
[debug] [2025-07-17T17:07:12.511Z] Checked if tokens are valid: true, expires at: 1752774184645
[debug] [2025-07-17T17:07:12.511Z] Checked if tokens are valid: true, expires at: 1752774184645
[debug] [2025-07-17T17:07:12.511Z] >>> [apiv2][query] GET https://cloudresourcemanager.googleapis.com/v1/projects/seat-ease-24534 [none]
[debug] [2025-07-17T17:07:12.625Z] <<< [apiv2][status] GET https://cloudresourcemanager.googleapis.com/v1/projects/seat-ease-24534 200
[debug] [2025-07-17T17:07:12.625Z] <<< [apiv2][body] GET https://cloudresourcemanager.googleapis.com/v1/projects/seat-ease-24534 {"projectNumber":"226149518713","projectId":"seat-ease-24534","lifecycleState":"ACTIVE","name":"Seat-Ease","labels":{"firebase":"enabled","firebase-core":"disabled"},"createTime":"2025-04-24T16:00:29.910038Z"}
[info] i  functions: preparing codebase default for deployment 
[info] i  functions: ensuring required API cloudfunctions.googleapis.com is enabled... 
[info] i  functions: ensuring required API cloudbuild.googleapis.com is enabled... 
[info] i  artifactregistry: ensuring required API artifactregistry.googleapis.com is enabled... 
[debug] [2025-07-17T17:07:12.626Z] Checked if tokens are valid: true, expires at: 1752774184645
[debug] [2025-07-17T17:07:12.626Z] Checked if tokens are valid: true, expires at: 1752774184645
[debug] [2025-07-17T17:07:12.626Z] >>> [apiv2][query] GET https://firebase.googleapis.com/v1beta1/projects/seat-ease-24534/adminSdkConfig [none]
[debug] [2025-07-17T17:07:13.079Z] <<< [apiv2][status] GET https://firebase.googleapis.com/v1beta1/projects/seat-ease-24534/adminSdkConfig 200
[debug] [2025-07-17T17:07:13.079Z] <<< [apiv2][body] GET https://firebase.googleapis.com/v1beta1/projects/seat-ease-24534/adminSdkConfig {"projectId":"seat-ease-24534","storageBucket":"seat-ease-24534.firebasestorage.app"}
[debug] [2025-07-17T17:07:13.080Z] Checked if tokens are valid: true, expires at: 1752774184645
[debug] [2025-07-17T17:07:13.080Z] Checked if tokens are valid: true, expires at: 1752774184645
[debug] [2025-07-17T17:07:13.080Z] >>> [apiv2][query] GET https://runtimeconfig.googleapis.com/v1beta1/projects/seat-ease-24534/configs [none]
[debug] [2025-07-17T17:07:13.254Z] <<< [apiv2][status] GET https://runtimeconfig.googleapis.com/v1beta1/projects/seat-ease-24534/configs 200
[debug] [2025-07-17T17:07:13.254Z] <<< [apiv2][body] GET https://runtimeconfig.googleapis.com/v1beta1/projects/seat-ease-24534/configs {}
[debug] [2025-07-17T17:07:13.255Z] Validating nodejs source
[warn] ⚠  functions: Runtime Node.js 18 was deprecated on 2025-04-30 and will be decommissioned on 2025-10-30, after which you will not be able to deploy without upgrading. Consider upgrading now to avoid disruption. See https://cloud.google.com/functions/docs/runtime-support for full details on the lifecycle policy 
[debug] [2025-07-17T17:07:13.647Z] > [functions] package.json contents: {
  "name": "functions",
  "description": "Cloud Functions for Firebase",
  "scripts": {
    "lint": "eslint . --fix",
    "serve": "firebase emulators:start --only functions",
    "shell": "firebase functions:shell",
    "start": "npm run shell",
    "deploy": "firebase deploy --only functions",
    "logs": "firebase functions:log"
  },
  "engines": {
    "node": "18"
  },
  "main": "index.js",
  "dependencies": {
    "dayjs": "^1.11.13",
    "firebase": "^11.9.1",
    "firebase-admin": "^11.8.0",
    "firebase-functions": "^4.3.1",
    "uuid": "^11.1.0"
  },
  "devDependencies": {
    "eslint": "^8.15.0",
    "eslint-config-google": "^0.14.0",
    "firebase-functions-test": "^3.1.0"
  },
  "private": true
}
[debug] [2025-07-17T17:07:13.647Z] Building nodejs source
[info] i  functions: Loading and analyzing source code for codebase default to determine what to deploy 
[info] i  functions: You are using a version of firebase-functions SDK (4.9.0) that does not have support for the newest Firebase Extensions features. Please update firebase-functions SDK to >=5.1.0 to use them correctly 
[debug] [2025-07-17T17:07:13.648Z] Could not find functions.yaml. Must use http discovery
[debug] [2025-07-17T17:07:13.654Z] Found firebase-functions binary at '/Users/nathanlufuluabo/personal-repos/BackendAPI/functions/node_modules/.bin/firebase-functions'
[info] Serving at port 8306

[debug] [2025-07-17T17:07:13.760Z] Got response from /__/functions.yaml {"endpoints":{"slotGenerationFunction-dailySlotGeneration":{"availableMemoryMb":1024,"timeoutSeconds":300,"minInstances":null,"maxInstances":null,"ingressSettings":null,"concurrency":null,"serviceAccountEmail":null,"vpc":null,"platform":"gcfv2","region":["africa-south1"],"labels":{},"scheduleTrigger":{"schedule":"0 2 * * *","retryConfig":{}},"entryPoint":"slotGenerationFunction.dailySlotGeneration"}},"specVersion":"v1alpha1","requiredAPIs":[{"api":"cloudscheduler.googleapis.com","reason":"Needed for scheduled functions."}]}
[info] i  functions: preparing functions directory for uploading... 
[info] i  functions: packaged /Users/nathanlufuluabo/personal-repos/BackendAPI/functions (89.57 KB) for uploading 
[debug] [2025-07-17T17:07:17.810Z] Checked if tokens are valid: true, expires at: 1752774184645
[debug] [2025-07-17T17:07:17.810Z] Checked if tokens are valid: true, expires at: 1752774184645
[debug] [2025-07-17T17:07:17.811Z] >>> [apiv2][query] GET https://cloudfunctions.googleapis.com/v1/projects/seat-ease-24534/locations/-/functions [none]
[debug] [2025-07-17T17:07:18.563Z] <<< [apiv2][status] GET https://cloudfunctions.googleapis.com/v1/projects/seat-ease-24534/locations/-/functions 200
[debug] [2025-07-17T17:07:18.563Z] <<< [apiv2][body] GET https://cloudfunctions.googleapis.com/v1/projects/seat-ease-24534/locations/-/functions {}
[debug] [2025-07-17T17:07:18.564Z] Checked if tokens are valid: true, expires at: 1752774184645
[debug] [2025-07-17T17:07:18.564Z] Checked if tokens are valid: true, expires at: 1752774184645
[debug] [2025-07-17T17:07:18.564Z] >>> [apiv2][query] GET https://cloudfunctions.googleapis.com/v2/projects/seat-ease-24534/locations/-/functions filter=environment%3D%22GEN_2%22
[debug] [2025-07-17T17:07:19.098Z] <<< [apiv2][status] GET https://cloudfunctions.googleapis.com/v2/projects/seat-ease-24534/locations/-/functions 200
[debug] [2025-07-17T17:07:19.098Z] <<< [apiv2][body] GET https://cloudfunctions.googleapis.com/v2/projects/seat-ease-24534/locations/-/functions {"functions":[{"name":"projects/seat-ease-24534/locations/africa-south1/functions/testGenerateSlots-testGenerateSlots","buildConfig":{"build":"projects/226149518713/locations/africa-south1/builds/107852fb-e7c6-4ce4-ab8a-6e55c1847ec5","runtime":"nodejs18","entryPoint":"testGenerateSlots.testGenerateSlots","source":{"storageSource":{"bucket":"gcf-v2-sources-226149518713-africa-south1","object":"testGenerateSlots-testGenerateSlots/function-source.zip","generation":"1752771429060704"}},"environmentVariables":{"GOOGLE_NODE_RUN_SCRIPTS":""},"dockerRepository":"projects/seat-ease-24534/locations/africa-south1/repositories/gcf-artifacts","sourceProvenance":{"resolvedStorageSource":{"bucket":"gcf-v2-sources-226149518713-africa-south1","object":"testGenerateSlots-testGenerateSlots/function-source.zip","generation":"1752771429060704"}},"dockerRegistry":"ARTIFACT_REGISTRY","serviceAccount":"projects/seat-ease-24534/serviceAccounts/226149518713-compute@developer.gserviceaccount.com","automaticUpdatePolicy":{}},"serviceConfig":{"service":"projects/seat-ease-24534/locations/africa-south1/services/testgenerateslots-testgenerateslots","timeoutSeconds":300,"environmentVariables":{"FIREBASE_CONFIG":"{\"projectId\":\"seat-ease-24534\",\"storageBucket\":\"seat-ease-24534.firebasestorage.app\"}","GCLOUD_PROJECT":"seat-ease-24534","EVENTARC_CLOUD_EVENT_SOURCE":"projects/seat-ease-24534/locations/africa-south1/services/testGenerateSlots-testGenerateSlots","FUNCTION_TARGET":"testGenerateSlots.testGenerateSlots","LOG_EXECUTION_ID":"true","FUNCTION_SIGNATURE_TYPE":"http"},"maxInstanceCount":20,"ingressSettings":"ALLOW_ALL","uri":"https://testgenerateslots-testgenerateslots-j4jr75nlsq-bq.a.run.app","serviceAccountEmail":"226149518713-compute@developer.gserviceaccount.com","availableMemory":"1024Mi","allTrafficOnLatestRevision":true,"revision":"testgenerateslots-testgenerateslots-00030-xun","maxInstanceRequestConcurrency":80,"availableCpu":"1"},"state":"ACTIVE","updateTime":"2025-07-17T16:58:25.442350701Z","labels":{"firebase-functions-hash":"276ba87d0a79f07949bde87dbd269395ed19354d","deployment-tool":"cli-firebase"},"environment":"GEN_2","url":"https://africa-south1-seat-ease-24534.cloudfunctions.net/testGenerateSlots-testGenerateSlots","satisfiesPzs":true,"createTime":"2025-06-18T14:13:27.957868435Z","satisfiesPzi":true},{"name":"projects/seat-ease-24534/locations/africa-south1/functions/generateReservationSlots-onScheduleGenerateSlots","buildConfig":{"build":"projects/226149518713/locations/africa-south1/builds/a96ecc3e-3ed8-4514-9244-dfc1eade49c5","runtime":"nodejs18","entryPoint":"generateReservationSlots.onScheduleGenerateSlots","source":{"storageSource":{"bucket":"gcf-v2-sources-226149518713-africa-south1","object":"generateReservationSlots-onScheduleGenerateSlots/function-source.zip","generation":"1750341640036137"}},"environmentVariables":{"GOOGLE_NODE_RUN_SCRIPTS":""},"dockerRepository":"projects/seat-ease-24534/locations/africa-south1/repositories/gcf-artifacts","sourceProvenance":{"resolvedStorageSource":{"bucket":"gcf-v2-sources-226149518713-africa-south1","object":"generateReservationSlots-onScheduleGenerateSlots/function-source.zip","generation":"1750341640036137"}},"dockerRegistry":"ARTIFACT_REGISTRY","serviceAccount":"projects/seat-ease-24534/serviceAccounts/226149518713-compute@developer.gserviceaccount.com","automaticUpdatePolicy":{}},"serviceConfig":{"service":"projects/seat-ease-24534/locations/africa-south1/services/generatereservationslots-onschedulegenerateslots","timeoutSeconds":300,"environmentVariables":{"FIREBASE_CONFIG":"{\"projectId\":\"seat-ease-24534\",\"storageBucket\":\"seat-ease-24534.firebasestorage.app\"}","GCLOUD_PROJECT":"seat-ease-24534","EVENTARC_CLOUD_EVENT_SOURCE":"projects/seat-ease-24534/locations/africa-south1/services/generateReservationSlots-onScheduleGenerateSlots","FUNCTION_TARGET":"generateReservationSlots.onScheduleGenerateSlots","LOG_EXECUTION_ID":"true"},"maxInstanceCount":20,"ingressSettings":"ALLOW_ALL","uri":"https://generatereservationslots-onschedulegenerateslots-j4jr75nlsq-bq.a.run.app","serviceAccountEmail":"226149518713-compute@developer.gserviceaccount.com","availableMemory":"1024Mi","allTrafficOnLatestRevision":true,"revision":"generatereservationslots-onschedulegenerateslots-00004-tic","maxInstanceRequestConcurrency":1,"availableCpu":"1"},"state":"ACTIVE","updateTime":"2025-06-19T14:02:14.389359801Z","labels":{"deployment-scheduled":"true","firebase-functions-hash":"00f9177477c85eddfffc5bc2bf0a5e66c8dc7aa6","deployment-tool":"cli-firebase"},"environment":"GEN_2","url":"https://africa-south1-seat-ease-24534.cloudfunctions.net/generateReservationSlots-onScheduleGenerateSlots","satisfiesPzs":true,"createTime":"2025-06-18T14:11:40.686278615Z","satisfiesPzi":true}]}
[info] i  functions: ensuring required API cloudscheduler.googleapis.com is enabled... 
[debug] [2025-07-17T17:07:19.101Z] Checked if tokens are valid: true, expires at: 1752774184645
[debug] [2025-07-17T17:07:19.102Z] Checked if tokens are valid: true, expires at: 1752774184645
[debug] [2025-07-17T17:07:19.102Z] >>> [apiv2][query] GET https://serviceusage.googleapis.com/v1/projects/226149518713/services/cloudscheduler.googleapis.com [none]
[debug] [2025-07-17T17:07:19.102Z] >>> [apiv2][(partial)header] GET https://serviceusage.googleapis.com/v1/projects/226149518713/services/cloudscheduler.googleapis.com x-goog-quota-user=projects/226149518713
[debug] [2025-07-17T17:07:19.614Z] <<< [apiv2][status] GET https://serviceusage.googleapis.com/v1/projects/226149518713/services/cloudscheduler.googleapis.com 200
[debug] [2025-07-17T17:07:19.614Z] <<< [apiv2][body] GET https://serviceusage.googleapis.com/v1/projects/226149518713/services/cloudscheduler.googleapis.com [omitted]
[info] ✔  functions: required API cloudscheduler.googleapis.com is enabled 
[info] i  functions: ensuring required API run.googleapis.com is enabled... 
[info] i  functions: ensuring required API eventarc.googleapis.com is enabled... 
[info] i  functions: ensuring required API pubsub.googleapis.com is enabled... 
[info] i  functions: ensuring required API storage.googleapis.com is enabled... 
[info] i  functions: generating the service identity for pubsub.googleapis.com... 
[debug] [2025-07-17T17:07:19.626Z] Checked if tokens are valid: true, expires at: 1752774184645
[debug] [2025-07-17T17:07:19.626Z] Checked if tokens are valid: true, expires at: 1752774184645
[info] i  functions: generating the service identity for eventarc.googleapis.com... 
[debug] [2025-07-17T17:07:19.626Z] Checked if tokens are valid: true, expires at: 1752774184645
[debug] [2025-07-17T17:07:19.626Z] Checked if tokens are valid: true, expires at: 1752774184645
[debug] [2025-07-17T17:07:19.626Z] >>> [apiv2][query] POST https://serviceusage.googleapis.com/v1beta1/projects/226149518713/services/pubsub.googleapis.com:generateServiceIdentity [none]
[debug] [2025-07-17T17:07:19.626Z] >>> [apiv2][(partial)header] POST https://serviceusage.googleapis.com/v1beta1/projects/226149518713/services/pubsub.googleapis.com:generateServiceIdentity x-goog-quota-user=projects/226149518713
[debug] [2025-07-17T17:07:19.626Z] >>> [apiv2][body] POST https://serviceusage.googleapis.com/v1beta1/projects/226149518713/services/pubsub.googleapis.com:generateServiceIdentity {}
[debug] [2025-07-17T17:07:19.627Z] >>> [apiv2][query] POST https://serviceusage.googleapis.com/v1beta1/projects/226149518713/services/eventarc.googleapis.com:generateServiceIdentity [none]
[debug] [2025-07-17T17:07:19.627Z] >>> [apiv2][(partial)header] POST https://serviceusage.googleapis.com/v1beta1/projects/226149518713/services/eventarc.googleapis.com:generateServiceIdentity x-goog-quota-user=projects/226149518713
[debug] [2025-07-17T17:07:19.627Z] >>> [apiv2][body] POST https://serviceusage.googleapis.com/v1beta1/projects/226149518713/services/eventarc.googleapis.com:generateServiceIdentity {}
[debug] [2025-07-17T17:07:20.091Z] <<< [apiv2][status] POST https://serviceusage.googleapis.com/v1beta1/projects/226149518713/services/eventarc.googleapis.com:generateServiceIdentity 200
[debug] [2025-07-17T17:07:20.092Z] <<< [apiv2][body] POST https://serviceusage.googleapis.com/v1beta1/projects/226149518713/services/eventarc.googleapis.com:generateServiceIdentity {"name":"operations/finished.DONE_OPERATION","done":true,"response":{"@type":"type.googleapis.com/google.api.serviceusage.v1beta1.ServiceIdentity","email":"service-226149518713@gcp-sa-eventarc.iam.gserviceaccount.com","uniqueId":"106379882189278079675"}}
[debug] [2025-07-17T17:07:20.129Z] <<< [apiv2][status] POST https://serviceusage.googleapis.com/v1beta1/projects/226149518713/services/pubsub.googleapis.com:generateServiceIdentity 200
[debug] [2025-07-17T17:07:20.129Z] <<< [apiv2][body] POST https://serviceusage.googleapis.com/v1beta1/projects/226149518713/services/pubsub.googleapis.com:generateServiceIdentity {"name":"operations/finished.DONE_OPERATION","done":true,"response":{"@type":"type.googleapis.com/google.api.serviceusage.v1beta1.ServiceIdentity","email":"service-226149518713@gcp-sa-pubsub.iam.gserviceaccount.com","uniqueId":"109779135636444181872"}}
[debug] [2025-07-17T17:07:20.133Z] Checked if tokens are valid: true, expires at: 1752774184645
[debug] [2025-07-17T17:07:20.133Z] Checked if tokens are valid: true, expires at: 1752774184645
[debug] [2025-07-17T17:07:20.133Z] >>> [apiv2][query] GET https://cloudresourcemanager.googleapis.com/v1/projects/seat-ease-24534 [none]
[debug] [2025-07-17T17:07:20.451Z] <<< [apiv2][status] GET https://cloudresourcemanager.googleapis.com/v1/projects/seat-ease-24534 200
[debug] [2025-07-17T17:07:20.452Z] <<< [apiv2][body] GET https://cloudresourcemanager.googleapis.com/v1/projects/seat-ease-24534 {"projectNumber":"226149518713","projectId":"seat-ease-24534","lifecycleState":"ACTIVE","name":"Seat-Ease","labels":{"firebase":"enabled","firebase-core":"disabled"},"createTime":"2025-04-24T16:00:29.910038Z"}
[debug] [2025-07-17T17:07:20.452Z] Checked if tokens are valid: true, expires at: 1752774184645
[debug] [2025-07-17T17:07:20.452Z] Checked if tokens are valid: true, expires at: 1752774184645
[debug] [2025-07-17T17:07:20.453Z] >>> [apiv2][query] GET https://compute.googleapis.com/compute/v1/projects/226149518713 [none]
[debug] [2025-07-17T17:07:20.655Z] <<< [apiv2][status] GET https://compute.googleapis.com/compute/v1/projects/226149518713 403
[debug] [2025-07-17T17:07:20.655Z] <<< [apiv2][body] GET https://compute.googleapis.com/compute/v1/projects/226149518713 {"error":{"code":403,"message":"Compute Engine API has not been used in project 226149518713 before or it is disabled. Enable it by visiting https://console.developers.google.com/apis/api/compute.googleapis.com/overview?project=226149518713 then retry. If you enabled this API recently, wait a few minutes for the action to propagate to our systems and retry.","errors":[{"message":"Compute Engine API has not been used in project 226149518713 before or it is disabled. Enable it by visiting https://console.developers.google.com/apis/api/compute.googleapis.com/overview?project=226149518713 then retry. If you enabled this API recently, wait a few minutes for the action to propagate to our systems and retry.","domain":"usageLimits","reason":"accessNotConfigured","extendedHelp":"https://console.developers.google.com"}],"status":"PERMISSION_DENIED","details":[{"@type":"type.googleapis.com/google.rpc.ErrorInfo","reason":"SERVICE_DISABLED","domain":"googleapis.com","metadata":{"activationUrl":"https://console.developers.google.com/apis/api/compute.googleapis.com/overview?project=226149518713","consumer":"projects/226149518713","serviceTitle":"Compute Engine API","containerInfo":"226149518713","service":"compute.googleapis.com"}},{"@type":"type.googleapis.com/google.rpc.LocalizedMessage","locale":"en-US","message":"Compute Engine API has not been used in project 226149518713 before or it is disabled. Enable it by visiting https://console.developers.google.com/apis/api/compute.googleapis.com/overview?project=226149518713 then retry. If you enabled this API recently, wait a few minutes for the action to propagate to our systems and retry."},{"@type":"type.googleapis.com/google.rpc.Help","links":[{"description":"Google developers console API activation","url":"https://console.developers.google.com/apis/api/compute.googleapis.com/overview?project=226149518713"}]}]}}
[debug] [2025-07-17T17:07:20.656Z] unable to look up default compute service account. Falling back to 226149518713-compute@developer.gserviceaccount.com. Error: {"name":"FirebaseError","children":[],"context":{"body":{"error":{"code":403,"message":"Compute Engine API has not been used in project 226149518713 before or it is disabled. Enable it by visiting https://console.developers.google.com/apis/api/compute.googleapis.com/overview?project=226149518713 then retry. If you enabled this API recently, wait a few minutes for the action to propagate to our systems and retry.","errors":[{"message":"Compute Engine API has not been used in project 226149518713 before or it is disabled. Enable it by visiting https://console.developers.google.com/apis/api/compute.googleapis.com/overview?project=226149518713 then retry. If you enabled this API recently, wait a few minutes for the action to propagate to our systems and retry.","domain":"usageLimits","reason":"accessNotConfigured","extendedHelp":"https://console.developers.google.com"}],"status":"PERMISSION_DENIED","details":[{"@type":"type.googleapis.com/google.rpc.ErrorInfo","reason":"SERVICE_DISABLED","domain":"googleapis.com","metadata":{"activationUrl":"https://console.developers.google.com/apis/api/compute.googleapis.com/overview?project=226149518713","consumer":"projects/226149518713","serviceTitle":"Compute Engine API","containerInfo":"226149518713","service":"compute.googleapis.com"}},{"@type":"type.googleapis.com/google.rpc.LocalizedMessage","locale":"en-US","message":"Compute Engine API has not been used in project 226149518713 before or it is disabled. Enable it by visiting https://console.developers.google.com/apis/api/compute.googleapis.com/overview?project=226149518713 then retry. If you enabled this API recently, wait a few minutes for the action to propagate to our systems and retry."},{"@type":"type.googleapis.com/google.rpc.Help","links":[{"description":"Google developers console API activation","url":"https://console.developers.google.com/apis/api/compute.googleapis.com/overview?project=226149518713"}]}]}},"response":{"statusCode":403}},"exit":1,"message":"Request to https://compute.googleapis.com/compute/v1/projects/226149518713 had HTTP Error: 403, Compute Engine API has not been used in project 226149518713 before or it is disabled. Enable it by visiting https://console.developers.google.com/apis/api/compute.googleapis.com/overview?project=226149518713 then retry. If you enabled this API recently, wait a few minutes for the action to propagate to our systems and retry.","status":403}
[debug] [2025-07-17T17:07:20.657Z] Checked if tokens are valid: true, expires at: 1752774184645
[debug] [2025-07-17T17:07:20.657Z] Checked if tokens are valid: true, expires at: 1752774184645
[debug] [2025-07-17T17:07:20.657Z] >>> [apiv2][query] POST https://cloudfunctions.googleapis.com/v2/projects/seat-ease-24534/locations/africa-south1/functions:generateUploadUrl [none]
[debug] [2025-07-17T17:07:22.433Z] <<< [apiv2][status] POST https://cloudfunctions.googleapis.com/v2/projects/seat-ease-24534/locations/africa-south1/functions:generateUploadUrl 200
[debug] [2025-07-17T17:07:22.433Z] <<< [apiv2][body] POST https://cloudfunctions.googleapis.com/v2/projects/seat-ease-24534/locations/africa-south1/functions:generateUploadUrl {"uploadUrl":"https://storage.googleapis.com/gcf-v2-uploads-226149518713.africa-south1.cloudfunctions.appspot.com/3ccf56fe-c075-474c-9a73-fa6b7bfe8765.zip?GoogleAccessId=service-226149518713@gcf-admin-robot.iam.gserviceaccount.com&Expires=1752773842&Signature=CdjwoZpuc3MXxsBXpaeYDwACiJRYW%2Bxq47%2FAQgyjlJ2Ab3Rgun6rcGgYaRUixBtldK1Mu8%2Bf65DViNYsFCbMT%2FSTp7F3MMU2zj6Hb6hJzXzpmoBWnoQiJFEtOa3o85D2r%2FkCres1vgc1xFmgGGl2IxBe%2FpEWNsPQB6p9icbTWRteBickQcSilZzDd4cDRvRxgoRw8mn8ozyNmTBBhPgFB6sqKFl8QO6XUTaAVsAVvr4uXMvlqBiExCTPGSB8kc17mzKVQV2tOqguCBVAbfYGjqUl4Q96RnZ0EiL7hM0SMvrVSjmcwv4xNegz3lSGJeLMomjsOHHpEq6j6ru51849aw%3D%3D","storageSource":{"bucket":"gcf-v2-uploads-226149518713.africa-south1.cloudfunctions.appspot.com","object":"3ccf56fe-c075-474c-9a73-fa6b7bfe8765.zip"}}
[debug] [2025-07-17T17:07:22.434Z] >>> [apiv2][query] PUT https://storage.googleapis.com/gcf-v2-uploads-226149518713.africa-south1.cloudfunctions.appspot.com/3ccf56fe-c075-474c-9a73-fa6b7bfe8765.zip GoogleAccessId=service-226149518713%40gcf-admin-robot.iam.gserviceaccount.com&Expires=1752773842&Signature=CdjwoZpuc3MXxsBXpaeYDwACiJRYW%2Bxq47%2FAQgyjlJ2Ab3Rgun6rcGgYaRUixBtldK1Mu8%2Bf65DViNYsFCbMT%2FSTp7F3MMU2zj6Hb6hJzXzpmoBWnoQiJFEtOa3o85D2r%2FkCres1vgc1xFmgGGl2IxBe%2FpEWNsPQB6p9icbTWRteBickQcSilZzDd4cDRvRxgoRw8mn8ozyNmTBBhPgFB6sqKFl8QO6XUTaAVsAVvr4uXMvlqBiExCTPGSB8kc17mzKVQV2tOqguCBVAbfYGjqUl4Q96RnZ0EiL7hM0SMvrVSjmcwv4xNegz3lSGJeLMomjsOHHpEq6j6ru51849aw%3D%3D
[debug] [2025-07-17T17:07:22.435Z] >>> [apiv2][body] PUT https://storage.googleapis.com/gcf-v2-uploads-226149518713.africa-south1.cloudfunctions.appspot.com/3ccf56fe-c075-474c-9a73-fa6b7bfe8765.zip [stream]
[debug] [2025-07-17T17:07:24.451Z] <<< [apiv2][status] PUT https://storage.googleapis.com/gcf-v2-uploads-226149518713.africa-south1.cloudfunctions.appspot.com/3ccf56fe-c075-474c-9a73-fa6b7bfe8765.zip 200
[debug] [2025-07-17T17:07:24.451Z] <<< [apiv2][body] PUT https://storage.googleapis.com/gcf-v2-uploads-226149518713.africa-south1.cloudfunctions.appspot.com/3ccf56fe-c075-474c-9a73-fa6b7bfe8765.zip [omitted]
[info] ✔  functions: functions folder uploaded successfully 
[info] 
The following functions are found in your project but do not exist in your local source code:
	generateReservationSlots-onScheduleGenerateSlots(africa-south1)
	testGenerateSlots-testGenerateSlots(africa-south1)

If you are renaming a function or changing its region, it is recommended that you create the new function first before deleting the old one to prevent event loss. For more info, visit https://firebase.google.com/docs/functions/manage-functions#modify

[info] i  functions: creating Node.js 18 (2nd Gen) function slotGenerationFunction-dailySlotGeneration(africa-south1)... 
[debug] [2025-07-17T17:07:39.579Z] Checked if tokens are valid: true, expires at: 1752774184645
[debug] [2025-07-17T17:07:39.579Z] Checked if tokens are valid: true, expires at: 1752774184645
[debug] [2025-07-17T17:07:39.579Z] >>> [apiv2][query] POST https://cloudfunctions.googleapis.com/v2/projects/seat-ease-24534/locations/africa-south1/functions functionId=slotGenerationFunction-dailySlotGeneration
[debug] [2025-07-17T17:07:39.579Z] >>> [apiv2][body] POST https://cloudfunctions.googleapis.com/v2/projects/seat-ease-24534/locations/africa-south1/functions {"name":"projects/seat-ease-24534/locations/africa-south1/functions/slotGenerationFunction-dailySlotGeneration","buildConfig":{"runtime":"nodejs18","entryPoint":"slotGenerationFunction.dailySlotGeneration","source":{"storageSource":{"bucket":"gcf-v2-uploads-226149518713.africa-south1.cloudfunctions.appspot.com","object":"3ccf56fe-c075-474c-9a73-fa6b7bfe8765.zip"}},"environmentVariables":{"GOOGLE_NODE_RUN_SCRIPTS":""}},"serviceConfig":{"environmentVariables":{"FIREBASE_CONFIG":"{\"projectId\":\"seat-ease-24534\",\"storageBucket\":\"seat-ease-24534.firebasestorage.app\"}","GCLOUD_PROJECT":"seat-ease-24534","EVENTARC_CLOUD_EVENT_SOURCE":"projects/seat-ease-24534/locations/africa-south1/services/slotGenerationFunction-dailySlotGeneration","FUNCTION_TARGET":"slotGenerationFunction.dailySlotGeneration","LOG_EXECUTION_ID":"true"},"ingressSettings":null,"timeoutSeconds":300,"serviceAccountEmail":null,"availableMemory":"1024Mi","minInstanceCount":null,"maxInstanceCount":null,"maxInstanceRequestConcurrency":80,"availableCpu":"1","vpcConnector":null,"vpcConnectorEgressSettings":null},"labels":{"deployment-tool":"cli-firebase","deployment-scheduled":"true","firebase-functions-hash":"9180163cd1a068d0ba0ede57024123abd5c4b64c"}}
[debug] [2025-07-17T17:07:41.869Z] <<< [apiv2][status] POST https://cloudfunctions.googleapis.com/v2/projects/seat-ease-24534/locations/africa-south1/functions 200
[debug] [2025-07-17T17:07:41.869Z] <<< [apiv2][body] POST https://cloudfunctions.googleapis.com/v2/projects/seat-ease-24534/locations/africa-south1/functions {"name":"projects/seat-ease-24534/locations/africa-south1/operations/operation-1752772060892-63a230c0fce15-55e0f29e-c9c6e55a","metadata":{"@type":"type.googleapis.com/google.cloud.functions.v2.OperationMetadata","createTime":"2025-07-17T17:07:41.765730129Z","target":"projects/seat-ease-24534/locations/africa-south1/functions/slotGenerationFunction-dailySlotGeneration","verb":"create","cancelRequested":false,"apiVersion":"v2"},"done":false}
[debug] [2025-07-17T17:07:41.870Z] Checked if tokens are valid: true, expires at: 1752774184645
[debug] [2025-07-17T17:07:41.870Z] Checked if tokens are valid: true, expires at: 1752774184645
[debug] [2025-07-17T17:07:41.871Z] >>> [apiv2][query] GET https://cloudfunctions.googleapis.com/v2/projects/seat-ease-24534/locations/africa-south1/operations/operation-1752772060892-63a230c0fce15-55e0f29e-c9c6e55a [none]
[debug] [2025-07-17T17:07:43.378Z] <<< [apiv2][status] GET https://cloudfunctions.googleapis.com/v2/projects/seat-ease-24534/locations/africa-south1/operations/operation-1752772060892-63a230c0fce15-55e0f29e-c9c6e55a 200
[debug] [2025-07-17T17:07:43.379Z] <<< [apiv2][body] GET https://cloudfunctions.googleapis.com/v2/projects/seat-ease-24534/locations/africa-south1/operations/operation-1752772060892-63a230c0fce15-55e0f29e-c9c6e55a {"name":"projects/seat-ease-24534/locations/africa-south1/operations/operation-1752772060892-63a230c0fce15-55e0f29e-c9c6e55a","metadata":{"@type":"type.googleapis.com/google.cloud.functions.v2.OperationMetadata","createTime":"2025-07-17T17:07:41.765730129Z","target":"projects/seat-ease-24534/locations/africa-south1/functions/slotGenerationFunction-dailySlotGeneration","verb":"create","cancelRequested":false,"apiVersion":"v2","requestResource":{"@type":"type.googleapis.com/google.cloud.functions.v2.Function","name":"projects/seat-ease-24534/locations/africa-south1/functions/slotGenerationFunction-dailySlotGeneration","buildConfig":{"runtime":"nodejs18","entryPoint":"slotGenerationFunction.dailySlotGeneration","source":{"storageSource":{"bucket":"gcf-v2-sources-226149518713-africa-south1","object":"slotGenerationFunction-dailySlotGeneration/function-source.zip","generation":"1752772061060789"}},"environmentVariables":{"GOOGLE_NODE_RUN_SCRIPTS":""},"serviceAccount":"projects/seat-ease-24534/serviceAccounts/226149518713-compute@developer.gserviceaccount.com","automaticUpdatePolicy":{}},"serviceConfig":{"service":"projects/seat-ease-24534/locations/africa-south1/services/slotgenerationfunction-dailyslotgeneration","timeoutSeconds":300,"environmentVariables":{"FIREBASE_CONFIG":"{\"projectId\":\"seat-ease-24534\",\"storageBucket\":\"seat-ease-24534.firebasestorage.app\"}","GCLOUD_PROJECT":"seat-ease-24534","EVENTARC_CLOUD_EVENT_SOURCE":"projects/seat-ease-24534/locations/africa-south1/services/slotGenerationFunction-dailySlotGeneration","FUNCTION_TARGET":"slotGenerationFunction.dailySlotGeneration","LOG_EXECUTION_ID":"true"},"ingressSettings":"ALLOW_ALL","serviceAccountEmail":"226149518713-compute@developer.gserviceaccount.com","availableMemory":"1024Mi","maxInstanceRequestConcurrency":80,"availableCpu":"1"},"labels":{"deployment-tool":"cli-firebase","deployment-scheduled":"true","firebase-functions-hash":"9180163cd1a068d0ba0ede57024123abd5c4b64c"},"environment":"GEN_2"},"stages":[{"name":"BUILD","state":"NOT_STARTED","stateMessages":[{"severity":"WARNING","type":"BuildAnalysisWarning","message":"Node.js 18 is no longer supported by the Node.js community as of 30 April, 2025. Runtime nodejs18 is currently deprecated for Cloud Functions. We recommend you to upgrade to the latest version of Node.js as soon as possible."}]},{"name":"SERVICE","state":"NOT_STARTED"}],"operationType":"CREATE_FUNCTION"},"done":false}
[debug] [2025-07-17T17:07:43.879Z] [create-default-africa-south1-slotGenerationFunction-dailySlotGeneration] Retrying task index 0
[debug] [2025-07-17T17:07:43.879Z] Checked if tokens are valid: true, expires at: 1752774184645
[debug] [2025-07-17T17:07:43.879Z] Checked if tokens are valid: true, expires at: 1752774184645
[debug] [2025-07-17T17:07:43.879Z] >>> [apiv2][query] GET https://cloudfunctions.googleapis.com/v2/projects/seat-ease-24534/locations/africa-south1/operations/operation-1752772060892-63a230c0fce15-55e0f29e-c9c6e55a [none]
[debug] [2025-07-17T17:07:45.394Z] <<< [apiv2][status] GET https://cloudfunctions.googleapis.com/v2/projects/seat-ease-24534/locations/africa-south1/operations/operation-1752772060892-63a230c0fce15-55e0f29e-c9c6e55a 200
[debug] [2025-07-17T17:07:45.395Z] <<< [apiv2][body] GET https://cloudfunctions.googleapis.com/v2/projects/seat-ease-24534/locations/africa-south1/operations/operation-1752772060892-63a230c0fce15-55e0f29e-c9c6e55a {"name":"projects/seat-ease-24534/locations/africa-south1/operations/operation-1752772060892-63a230c0fce15-55e0f29e-c9c6e55a","metadata":{"@type":"type.googleapis.com/google.cloud.functions.v2.OperationMetadata","createTime":"2025-07-17T17:07:41.765730129Z","target":"projects/seat-ease-24534/locations/africa-south1/functions/slotGenerationFunction-dailySlotGeneration","verb":"create","cancelRequested":false,"apiVersion":"v2","requestResource":{"@type":"type.googleapis.com/google.cloud.functions.v2.Function","name":"projects/seat-ease-24534/locations/africa-south1/functions/slotGenerationFunction-dailySlotGeneration","buildConfig":{"runtime":"nodejs18","entryPoint":"slotGenerationFunction.dailySlotGeneration","source":{"storageSource":{"bucket":"gcf-v2-sources-226149518713-africa-south1","object":"slotGenerationFunction-dailySlotGeneration/function-source.zip","generation":"1752772061060789"}},"environmentVariables":{"GOOGLE_NODE_RUN_SCRIPTS":""},"serviceAccount":"projects/seat-ease-24534/serviceAccounts/226149518713-compute@developer.gserviceaccount.com","automaticUpdatePolicy":{}},"serviceConfig":{"service":"projects/seat-ease-24534/locations/africa-south1/services/slotgenerationfunction-dailyslotgeneration","timeoutSeconds":300,"environmentVariables":{"FIREBASE_CONFIG":"{\"projectId\":\"seat-ease-24534\",\"storageBucket\":\"seat-ease-24534.firebasestorage.app\"}","GCLOUD_PROJECT":"seat-ease-24534","EVENTARC_CLOUD_EVENT_SOURCE":"projects/seat-ease-24534/locations/africa-south1/services/slotGenerationFunction-dailySlotGeneration","FUNCTION_TARGET":"slotGenerationFunction.dailySlotGeneration","LOG_EXECUTION_ID":"true"},"ingressSettings":"ALLOW_ALL","serviceAccountEmail":"226149518713-compute@developer.gserviceaccount.com","availableMemory":"1024Mi","maxInstanceRequestConcurrency":80,"availableCpu":"1"},"labels":{"deployment-tool":"cli-firebase","deployment-scheduled":"true","firebase-functions-hash":"9180163cd1a068d0ba0ede57024123abd5c4b64c"},"environment":"GEN_2"},"stages":[{"name":"BUILD","message":"Build in progress","state":"IN_PROGRESS","resource":"projects/226149518713/locations/africa-south1/builds/4854cdfd-92d8-490f-81a4-036c9f83bb88","resourceUri":"https://console.cloud.google.com/cloud-build/builds;region=africa-south1/4854cdfd-92d8-490f-81a4-036c9f83bb88?project=226149518713"},{"name":"SERVICE","state":"NOT_STARTED"}],"operationType":"CREATE_FUNCTION","buildName":"projects/226149518713/locations/africa-south1/builds/4854cdfd-92d8-490f-81a4-036c9f83bb88"},"done":false}
[debug] [2025-07-17T17:07:46.396Z] [create-default-africa-south1-slotGenerationFunction-dailySlotGeneration] Retrying task index 0
[debug] [2025-07-17T17:07:46.397Z] Checked if tokens are valid: true, expires at: 1752774184645
[debug] [2025-07-17T17:07:46.397Z] Checked if tokens are valid: true, expires at: 1752774184645
[debug] [2025-07-17T17:07:46.397Z] >>> [apiv2][query] GET https://cloudfunctions.googleapis.com/v2/projects/seat-ease-24534/locations/africa-south1/operations/operation-1752772060892-63a230c0fce15-55e0f29e-c9c6e55a [none]
[debug] [2025-07-17T17:07:47.922Z] <<< [apiv2][status] GET https://cloudfunctions.googleapis.com/v2/projects/seat-ease-24534/locations/africa-south1/operations/operation-1752772060892-63a230c0fce15-55e0f29e-c9c6e55a 200
[debug] [2025-07-17T17:07:47.922Z] <<< [apiv2][body] GET https://cloudfunctions.googleapis.com/v2/projects/seat-ease-24534/locations/africa-south1/operations/operation-1752772060892-63a230c0fce15-55e0f29e-c9c6e55a {"name":"projects/seat-ease-24534/locations/africa-south1/operations/operation-1752772060892-63a230c0fce15-55e0f29e-c9c6e55a","metadata":{"@type":"type.googleapis.com/google.cloud.functions.v2.OperationMetadata","createTime":"2025-07-17T17:07:41.765730129Z","target":"projects/seat-ease-24534/locations/africa-south1/functions/slotGenerationFunction-dailySlotGeneration","verb":"create","cancelRequested":false,"apiVersion":"v2","requestResource":{"@type":"type.googleapis.com/google.cloud.functions.v2.Function","name":"projects/seat-ease-24534/locations/africa-south1/functions/slotGenerationFunction-dailySlotGeneration","buildConfig":{"runtime":"nodejs18","entryPoint":"slotGenerationFunction.dailySlotGeneration","source":{"storageSource":{"bucket":"gcf-v2-sources-226149518713-africa-south1","object":"slotGenerationFunction-dailySlotGeneration/function-source.zip","generation":"1752772061060789"}},"environmentVariables":{"GOOGLE_NODE_RUN_SCRIPTS":""},"serviceAccount":"projects/seat-ease-24534/serviceAccounts/226149518713-compute@developer.gserviceaccount.com","automaticUpdatePolicy":{}},"serviceConfig":{"service":"projects/seat-ease-24534/locations/africa-south1/services/slotgenerationfunction-dailyslotgeneration","timeoutSeconds":300,"environmentVariables":{"FIREBASE_CONFIG":"{\"projectId\":\"seat-ease-24534\",\"storageBucket\":\"seat-ease-24534.firebasestorage.app\"}","GCLOUD_PROJECT":"seat-ease-24534","EVENTARC_CLOUD_EVENT_SOURCE":"projects/seat-ease-24534/locations/africa-south1/services/slotGenerationFunction-dailySlotGeneration","FUNCTION_TARGET":"slotGenerationFunction.dailySlotGeneration","LOG_EXECUTION_ID":"true"},"ingressSettings":"ALLOW_ALL","serviceAccountEmail":"226149518713-compute@developer.gserviceaccount.com","availableMemory":"1024Mi","maxInstanceRequestConcurrency":80,"availableCpu":"1"},"labels":{"deployment-tool":"cli-firebase","deployment-scheduled":"true","firebase-functions-hash":"9180163cd1a068d0ba0ede57024123abd5c4b64c"},"environment":"GEN_2"},"stages":[{"name":"BUILD","message":"Build in progress","state":"IN_PROGRESS","resource":"projects/226149518713/locations/africa-south1/builds/4854cdfd-92d8-490f-81a4-036c9f83bb88","resourceUri":"https://console.cloud.google.com/cloud-build/builds;region=africa-south1/4854cdfd-92d8-490f-81a4-036c9f83bb88?project=226149518713"},{"name":"SERVICE","state":"NOT_STARTED"}],"operationType":"CREATE_FUNCTION","buildName":"projects/226149518713/locations/africa-south1/builds/4854cdfd-92d8-490f-81a4-036c9f83bb88"},"done":false}
[debug] [2025-07-17T17:07:49.924Z] [create-default-africa-south1-slotGenerationFunction-dailySlotGeneration] Retrying task index 0
[debug] [2025-07-17T17:07:49.925Z] Checked if tokens are valid: true, expires at: 1752774184645
[debug] [2025-07-17T17:07:49.925Z] Checked if tokens are valid: true, expires at: 1752774184645
[debug] [2025-07-17T17:07:49.925Z] >>> [apiv2][query] GET https://cloudfunctions.googleapis.com/v2/projects/seat-ease-24534/locations/africa-south1/operations/operation-1752772060892-63a230c0fce15-55e0f29e-c9c6e55a [none]
[debug] [2025-07-17T17:07:51.284Z] <<< [apiv2][status] GET https://cloudfunctions.googleapis.com/v2/projects/seat-ease-24534/locations/africa-south1/operations/operation-1752772060892-63a230c0fce15-55e0f29e-c9c6e55a 200
[debug] [2025-07-17T17:07:51.285Z] <<< [apiv2][body] GET https://cloudfunctions.googleapis.com/v2/projects/seat-ease-24534/locations/africa-south1/operations/operation-1752772060892-63a230c0fce15-55e0f29e-c9c6e55a {"name":"projects/seat-ease-24534/locations/africa-south1/operations/operation-1752772060892-63a230c0fce15-55e0f29e-c9c6e55a","metadata":{"@type":"type.googleapis.com/google.cloud.functions.v2.OperationMetadata","createTime":"2025-07-17T17:07:41.765730129Z","target":"projects/seat-ease-24534/locations/africa-south1/functions/slotGenerationFunction-dailySlotGeneration","verb":"create","cancelRequested":false,"apiVersion":"v2","requestResource":{"@type":"type.googleapis.com/google.cloud.functions.v2.Function","name":"projects/seat-ease-24534/locations/africa-south1/functions/slotGenerationFunction-dailySlotGeneration","buildConfig":{"runtime":"nodejs18","entryPoint":"slotGenerationFunction.dailySlotGeneration","source":{"storageSource":{"bucket":"gcf-v2-sources-226149518713-africa-south1","object":"slotGenerationFunction-dailySlotGeneration/function-source.zip","generation":"1752772061060789"}},"environmentVariables":{"GOOGLE_NODE_RUN_SCRIPTS":""},"serviceAccount":"projects/seat-ease-24534/serviceAccounts/226149518713-compute@developer.gserviceaccount.com","automaticUpdatePolicy":{}},"serviceConfig":{"service":"projects/seat-ease-24534/locations/africa-south1/services/slotgenerationfunction-dailyslotgeneration","timeoutSeconds":300,"environmentVariables":{"FIREBASE_CONFIG":"{\"projectId\":\"seat-ease-24534\",\"storageBucket\":\"seat-ease-24534.firebasestorage.app\"}","GCLOUD_PROJECT":"seat-ease-24534","EVENTARC_CLOUD_EVENT_SOURCE":"projects/seat-ease-24534/locations/africa-south1/services/slotGenerationFunction-dailySlotGeneration","FUNCTION_TARGET":"slotGenerationFunction.dailySlotGeneration","LOG_EXECUTION_ID":"true"},"ingressSettings":"ALLOW_ALL","serviceAccountEmail":"226149518713-compute@developer.gserviceaccount.com","availableMemory":"1024Mi","maxInstanceRequestConcurrency":80,"availableCpu":"1"},"labels":{"deployment-tool":"cli-firebase","deployment-scheduled":"true","firebase-functions-hash":"9180163cd1a068d0ba0ede57024123abd5c4b64c"},"environment":"GEN_2"},"stages":[{"name":"BUILD","message":"Build in progress","state":"IN_PROGRESS","resource":"projects/226149518713/locations/africa-south1/builds/4854cdfd-92d8-490f-81a4-036c9f83bb88","resourceUri":"https://console.cloud.google.com/cloud-build/builds;region=africa-south1/4854cdfd-92d8-490f-81a4-036c9f83bb88?project=226149518713"},{"name":"SERVICE","state":"NOT_STARTED"}],"operationType":"CREATE_FUNCTION","buildName":"projects/226149518713/locations/africa-south1/builds/4854cdfd-92d8-490f-81a4-036c9f83bb88"},"done":false}
